<?xml version="1.0" encoding="UTF-8"?>
<!-- Generated by org.testng.reporters.JUnitReportReporter -->
<testsuite skipped="0" hostname="VIDHYA" name="scripts.TestValidLogin" tests="1" failures="0" timestamp="04 Feb 2018 05:20:06 GMT" time="12.625" errors="0">
  <testcase name="testValidLogin" time="12.625" classname="scripts.TestValidLogin"/>
</testsuite> <!-- scripts.TestValidLogin -->
