<?xml version="1.0" encoding="UTF-8"?>
<!-- Generated by org.testng.reporters.JUnitReportReporter -->
<testsuite skipped="0" hostname="VIDHYA" name="scripts.TestInvalidLogin" tests="1" failures="0" timestamp="04 Feb 2018 05:20:06 GMT" time="53.080" errors="0">
  <testcase name="testInValidLogin" time="53.080" classname="scripts.TestInvalidLogin"/>
</testsuite> <!-- scripts.TestInvalidLogin -->
